{
  "stats": {
    "suites": 1,
    "tests": 4,
    "passes": 4,
    "pending": 0,
    "failures": 0,
    "start": "2021-03-18T00:12:54.554Z",
    "end": "2021-03-18T00:13:55.704Z",
    "duration": 61150,
    "testsRegistered": 4,
    "passPercent": 100,
    "pendingPercent": 0,
    "other": 0,
    "hasOther": false,
    "skipped": 0,
    "hasSkipped": false
  },
  "results": [
    {
      "uuid": "dbcc4bce-1ff2-4c73-88b9-d2304df2a999",
      "title": "",
      "fullFile": "cypress/integration/login.feature",
      "file": "cypress/integration/login.feature",
      "beforeHooks": [],
      "afterHooks": [],
      "tests": [],
      "suites": [
        {
          "uuid": "f79d4098-46c3-4637-9871-b1a92346048c",
          "title": "Realizar Login, Logout e alterar senha no Site PHP Travel",
          "fullFile": "",
          "file": "",
          "beforeHooks": [],
          "afterHooks": [],
          "tests": [
            {
              "title": "Realizar Login no site PHP Travel",
              "fullTitle": "Realizar Login, Logout e alterar senha no Site PHP Travel Realizar Login no site PHP Travel",
              "timedOut": null,
              "duration": 19489,
              "state": "passed",
              "speed": "slow",
              "pass": true,
              "fail": false,
              "pending": false,
              "context": null,
              "code": "const state = window.testState;\nreturn cy\n  .then(() => state.onStartScenario(scenario, indexedSteps))\n  .then(() =>\n    resolveAndRunBeforeHooks.call(this, scenario.tags, state.feature.name)\n  )\n  .then(() =>\n    indexedSteps.forEach((step) =>\n      stepTest.call(this, state, step, rowData)\n    )\n  )\n  .then(() =>\n    resolveAndRunAfterHooks.call(this, scenario.tags, state.feature.name)\n  )\n  .then(() => state.onFinishScenario(scenario));",
              "err": {},
              "uuid": "24342339-462b-4c09-86d6-98e9b1bc2b71",
              "parentUUID": "f79d4098-46c3-4637-9871-b1a92346048c",
              "isHook": false,
              "skipped": false
            },
            {
              "title": "Validar mensagem de dados incorretos",
              "fullTitle": "Realizar Login, Logout e alterar senha no Site PHP Travel Validar mensagem de dados incorretos",
              "timedOut": null,
              "duration": 11536,
              "state": "passed",
              "speed": "slow",
              "pass": true,
              "fail": false,
              "pending": false,
              "context": null,
              "code": "const state = window.testState;\nreturn cy\n  .then(() => state.onStartScenario(scenario, indexedSteps))\n  .then(() =>\n    resolveAndRunBeforeHooks.call(this, scenario.tags, state.feature.name)\n  )\n  .then(() =>\n    indexedSteps.forEach((step) =>\n      stepTest.call(this, state, step, rowData)\n    )\n  )\n  .then(() =>\n    resolveAndRunAfterHooks.call(this, scenario.tags, state.feature.name)\n  )\n  .then(() => state.onFinishScenario(scenario));",
              "err": {},
              "uuid": "5d10d205-7f3b-44ac-94cc-bb19f6334bb4",
              "parentUUID": "f79d4098-46c3-4637-9871-b1a92346048c",
              "isHook": false,
              "skipped": false
            },
            {
              "title": "Realizar Logout",
              "fullTitle": "Realizar Login, Logout e alterar senha no Site PHP Travel Realizar Logout",
              "timedOut": null,
              "duration": 16414,
              "state": "passed",
              "speed": "slow",
              "pass": true,
              "fail": false,
              "pending": false,
              "context": null,
              "code": "const state = window.testState;\nreturn cy\n  .then(() => state.onStartScenario(scenario, indexedSteps))\n  .then(() =>\n    resolveAndRunBeforeHooks.call(this, scenario.tags, state.feature.name)\n  )\n  .then(() =>\n    indexedSteps.forEach((step) =>\n      stepTest.call(this, state, step, rowData)\n    )\n  )\n  .then(() =>\n    resolveAndRunAfterHooks.call(this, scenario.tags, state.feature.name)\n  )\n  .then(() => state.onFinishScenario(scenario));",
              "err": {},
              "uuid": "ce181958-e07d-4ebe-a99a-dcb75eaf51a0",
              "parentUUID": "f79d4098-46c3-4637-9871-b1a92346048c",
              "isHook": false,
              "skipped": false
            },
            {
              "title": "Alterar Senha",
              "fullTitle": "Realizar Login, Logout e alterar senha no Site PHP Travel Alterar Senha",
              "timedOut": null,
              "duration": 13477,
              "state": "passed",
              "speed": "slow",
              "pass": true,
              "fail": false,
              "pending": false,
              "context": null,
              "code": "const state = window.testState;\nreturn cy\n  .then(() => state.onStartScenario(scenario, indexedSteps))\n  .then(() =>\n    resolveAndRunBeforeHooks.call(this, scenario.tags, state.feature.name)\n  )\n  .then(() =>\n    indexedSteps.forEach((step) =>\n      stepTest.call(this, state, step, rowData)\n    )\n  )\n  .then(() =>\n    resolveAndRunAfterHooks.call(this, scenario.tags, state.feature.name)\n  )\n  .then(() => state.onFinishScenario(scenario));",
              "err": {},
              "uuid": "680f49a0-0e02-400c-870f-446a99bbc65e",
              "parentUUID": "f79d4098-46c3-4637-9871-b1a92346048c",
              "isHook": false,
              "skipped": false
            }
          ],
          "suites": [],
          "passes": [
            "24342339-462b-4c09-86d6-98e9b1bc2b71",
            "5d10d205-7f3b-44ac-94cc-bb19f6334bb4",
            "ce181958-e07d-4ebe-a99a-dcb75eaf51a0",
            "680f49a0-0e02-400c-870f-446a99bbc65e"
          ],
          "failures": [],
          "pending": [],
          "skipped": [],
          "duration": 60916,
          "root": false,
          "rootEmpty": false,
          "_timeout": 2000
        }
      ],
      "passes": [],
      "failures": [],
      "pending": [],
      "skipped": [],
      "duration": 0,
      "root": true,
      "rootEmpty": true,
      "_timeout": 2000
    }
  ],
  "meta": {
    "mocha": {
      "version": "7.0.1"
    },
    "mochawesome": {
      "options": {
        "quiet": false,
        "reportFilename": "mochawesome",
        "saveHtml": true,
        "saveJson": true,
        "consoleReporter": "spec",
        "useInlineDiffs": false,
        "code": true
      },
      "version": "6.2.2"
    },
    "marge": {
      "options": {
        "overwrite": false
      },
      "version": "5.2.0"
    }
  }
}