{
  "stats": {
    "suites": 1,
    "tests": 2,
    "passes": 2,
    "pending": 0,
    "failures": 0,
    "start": "2021-03-18T00:12:08.474Z",
    "end": "2021-03-18T00:12:42.766Z",
    "duration": 34292,
    "testsRegistered": 2,
    "passPercent": 100,
    "pendingPercent": 0,
    "other": 0,
    "hasOther": false,
    "skipped": 0,
    "hasSkipped": false
  },
  "results": [
    {
      "uuid": "71cdc5f3-07c4-4f38-b82c-76236232e5e1",
      "title": "",
      "fullFile": "cypress/integration/cadastro.feature",
      "file": "cypress/integration/cadastro.feature",
      "beforeHooks": [],
      "afterHooks": [],
      "tests": [],
      "suites": [
        {
          "uuid": "ddadf16f-87de-4f5c-bed7-c942a201e9cd",
          "title": "Realizar cadastro no site PHPTravels",
          "fullFile": "",
          "file": "",
          "beforeHooks": [],
          "afterHooks": [],
          "tests": [
            {
              "title": "Realizar cadastro preenchendo todos os campos",
              "fullTitle": "Realizar cadastro no site PHPTravels Realizar cadastro preenchendo todos os campos",
              "timedOut": null,
              "duration": 23631,
              "state": "passed",
              "speed": "slow",
              "pass": true,
              "fail": false,
              "pending": false,
              "context": null,
              "code": "const state = window.testState;\nreturn cy\n  .then(() => state.onStartScenario(scenario, indexedSteps))\n  .then(() =>\n    resolveAndRunBeforeHooks.call(this, scenario.tags, state.feature.name)\n  )\n  .then(() =>\n    indexedSteps.forEach((step) =>\n      stepTest.call(this, state, step, rowData)\n    )\n  )\n  .then(() =>\n    resolveAndRunAfterHooks.call(this, scenario.tags, state.feature.name)\n  )\n  .then(() => state.onFinishScenario(scenario));",
              "err": {},
              "uuid": "d1406b3a-7651-44ec-8295-3db7e16920ea",
              "parentUUID": "ddadf16f-87de-4f5c-bed7-c942a201e9cd",
              "isHook": false,
              "skipped": false
            },
            {
              "title": "Validar e-mail já existente",
              "fullTitle": "Realizar cadastro no site PHPTravels Validar e-mail já existente",
              "timedOut": null,
              "duration": 10503,
              "state": "passed",
              "speed": "slow",
              "pass": true,
              "fail": false,
              "pending": false,
              "context": null,
              "code": "const state = window.testState;\nreturn cy\n  .then(() => state.onStartScenario(scenario, indexedSteps))\n  .then(() =>\n    resolveAndRunBeforeHooks.call(this, scenario.tags, state.feature.name)\n  )\n  .then(() =>\n    indexedSteps.forEach((step) =>\n      stepTest.call(this, state, step, rowData)\n    )\n  )\n  .then(() =>\n    resolveAndRunAfterHooks.call(this, scenario.tags, state.feature.name)\n  )\n  .then(() => state.onFinishScenario(scenario));",
              "err": {},
              "uuid": "7290772f-fb59-42b3-9502-edbe43a2406f",
              "parentUUID": "ddadf16f-87de-4f5c-bed7-c942a201e9cd",
              "isHook": false,
              "skipped": false
            }
          ],
          "suites": [],
          "passes": [
            "d1406b3a-7651-44ec-8295-3db7e16920ea",
            "7290772f-fb59-42b3-9502-edbe43a2406f"
          ],
          "failures": [],
          "pending": [],
          "skipped": [],
          "duration": 34134,
          "root": false,
          "rootEmpty": false,
          "_timeout": 2000
        }
      ],
      "passes": [],
      "failures": [],
      "pending": [],
      "skipped": [],
      "duration": 0,
      "root": true,
      "rootEmpty": true,
      "_timeout": 2000
    }
  ],
  "meta": {
    "mocha": {
      "version": "7.0.1"
    },
    "mochawesome": {
      "options": {
        "quiet": false,
        "reportFilename": "mochawesome",
        "saveHtml": true,
        "saveJson": true,
        "consoleReporter": "spec",
        "useInlineDiffs": false,
        "code": true
      },
      "version": "6.2.2"
    },
    "marge": {
      "options": {
        "overwrite": false
      },
      "version": "5.2.0"
    }
  }
}